From https://github.com/pcm-dpc/COVID-19
   06ac1a0..9d01bc6  master     -> origin/master
Updating 06ac1a0..9d01bc6
Fast-forward
 README.md                                          |     1 +
 ...pc-covid19-ita-andamento-nazionale-20200317.csv |     2 +
 .../dpc-covid19-ita-andamento-nazionale.csv        |     1 +
 dati-json/dpc-covid19-ita-andamento-nazionale.json |    14 +
 dati-json/dpc-covid19-ita-province.json            |  1536 ++
 dati-json/dpc-covid19-ita-regioni.json             | 17010 ++++++++++---------
 .../dpc-covid19-ita-province-20200317.csv          |   129 +
 dati-province/dpc-covid19-ita-province.csv         |   128 +
 dati-regioni/dpc-covid19-ita-regioni-20200317.csv  |    22 +
 dati-regioni/dpc-covid19-ita-regioni.csv           |    21 +
 .../dpc-covid19-ita-scheda-province-20200317.pdf   |   Bin 0 -> 637664 bytes
 .../dpc-covid19-ita-scheda-regioni-20200317.pdf    |   Bin 0 -> 425668 bytes
 12 files changed, 10548 insertions(+), 8316 deletions(-)
 create mode 100644 dati-andamento-nazionale/dpc-covid19-ita-andamento-nazionale-20200317.csv
 create mode 100644 dati-province/dpc-covid19-ita-province-20200317.csv
 create mode 100644 dati-regioni/dpc-covid19-ita-regioni-20200317.csv
 create mode 100644 schede-riepilogative/province/dpc-covid19-ita-scheda-province-20200317.pdf
 create mode 100644 schede-riepilogative/regioni/dpc-covid19-ita-scheda-regioni-20200317.pdf
