M	csse_covid_19_data/csse_covid_19_daily_reports/01-22-2020.csv
M	csse_covid_19_data/csse_covid_19_daily_reports/01-23-2020.csv
M	csse_covid_19_data/csse_covid_19_daily_reports/01-24-2020.csv
M	csse_covid_19_data/csse_covid_19_daily_reports/01-25-2020.csv
M	csse_covid_19_data/csse_covid_19_daily_reports/01-26-2020.csv
M	csse_covid_19_data/csse_covid_19_daily_reports/01-27-2020.csv
M	csse_covid_19_data/csse_covid_19_daily_reports/01-28-2020.csv
M	csse_covid_19_data/csse_covid_19_daily_reports/01-29-2020.csv
M	csse_covid_19_data/csse_covid_19_daily_reports/01-30-2020.csv
M	csse_covid_19_data/csse_covid_19_daily_reports/01-31-2020.csv
M	csse_covid_19_data/csse_covid_19_daily_reports/02-01-2020.csv
M	csse_covid_19_data/csse_covid_19_daily_reports/02-02-2020.csv
M	csse_covid_19_data/csse_covid_19_daily_reports/02-03-2020.csv
M	csse_covid_19_data/csse_covid_19_daily_reports/02-04-2020.csv
M	csse_covid_19_data/csse_covid_19_daily_reports/02-05-2020.csv
M	csse_covid_19_data/csse_covid_19_daily_reports/02-06-2020.csv
M	csse_covid_19_data/csse_covid_19_daily_reports/02-07-2020.csv
M	csse_covid_19_data/csse_covid_19_daily_reports/02-08-2020.csv
M	csse_covid_19_data/csse_covid_19_daily_reports/02-09-2020.csv
M	csse_covid_19_data/csse_covid_19_daily_reports/02-10-2020.csv
M	csse_covid_19_data/csse_covid_19_daily_reports/02-11-2020.csv
M	csse_covid_19_data/csse_covid_19_daily_reports/02-12-2020.csv
M	csse_covid_19_data/csse_covid_19_daily_reports/02-13-2020.csv
M	csse_covid_19_data/csse_covid_19_daily_reports/02-14-2020.csv
M	csse_covid_19_data/csse_covid_19_daily_reports/02-15-2020.csv
M	csse_covid_19_data/csse_covid_19_daily_reports/02-16-2020.csv
M	csse_covid_19_data/csse_covid_19_daily_reports/02-17-2020.csv
M	csse_covid_19_data/csse_covid_19_daily_reports/02-18-2020.csv
M	csse_covid_19_data/csse_covid_19_daily_reports/02-19-2020.csv
M	csse_covid_19_data/csse_covid_19_daily_reports/02-20-2020.csv
M	csse_covid_19_data/csse_covid_19_daily_reports/02-21-2020.csv
M	csse_covid_19_data/csse_covid_19_daily_reports/02-22-2020.csv
M	csse_covid_19_data/csse_covid_19_daily_reports/02-23-2020.csv
M	csse_covid_19_data/csse_covid_19_daily_reports/02-24-2020.csv
M	csse_covid_19_data/csse_covid_19_daily_reports/02-25-2020.csv
M	csse_covid_19_data/csse_covid_19_daily_reports/02-26-2020.csv
M	csse_covid_19_data/csse_covid_19_daily_reports/02-27-2020.csv
M	csse_covid_19_data/csse_covid_19_daily_reports/02-28-2020.csv
M	csse_covid_19_data/csse_covid_19_daily_reports/02-29-2020.csv
M	csse_covid_19_data/csse_covid_19_daily_reports/03-01-2020.csv
M	csse_covid_19_data/csse_covid_19_daily_reports/03-02-2020.csv
M	csse_covid_19_data/csse_covid_19_daily_reports/03-03-2020.csv
M	csse_covid_19_data/csse_covid_19_daily_reports/03-04-2020.csv
M	csse_covid_19_data/csse_covid_19_daily_reports/03-05-2020.csv
M	csse_covid_19_data/csse_covid_19_daily_reports/03-06-2020.csv
M	csse_covid_19_data/csse_covid_19_daily_reports/03-07-2020.csv
M	csse_covid_19_data/csse_covid_19_daily_reports/03-08-2020.csv
M	csse_covid_19_data/csse_covid_19_daily_reports/03-09-2020.csv
M	csse_covid_19_data/csse_covid_19_daily_reports/03-10-2020.csv
M	csse_covid_19_data/csse_covid_19_daily_reports/03-11-2020.csv
M	csse_covid_19_data/csse_covid_19_daily_reports/03-12-2020.csv
M	csse_covid_19_data/csse_covid_19_daily_reports/03-13-2020.csv
M	csse_covid_19_data/csse_covid_19_daily_reports/03-14-2020.csv
M	csse_covid_19_data/csse_covid_19_daily_reports/03-15-2020.csv
M	csse_covid_19_data/csse_covid_19_daily_reports/03-16-2020.csv
M	csse_covid_19_data/csse_covid_19_daily_reports/03-17-2020.csv
M	csse_covid_19_data/csse_covid_19_daily_reports/03-18-2020.csv
M	csse_covid_19_data/csse_covid_19_daily_reports/03-19-2020.csv
M	csse_covid_19_data/csse_covid_19_daily_reports/03-20-2020.csv
M	csse_covid_19_data/csse_covid_19_daily_reports/03-21-2020.csv
M	csse_covid_19_data/csse_covid_19_daily_reports/03-22-2020.csv
M	csse_covid_19_data/csse_covid_19_daily_reports/03-23-2020.csv
M	csse_covid_19_data/csse_covid_19_daily_reports/03-24-2020.csv
M	csse_covid_19_data/csse_covid_19_daily_reports/03-25-2020.csv
Already on 'master'
M	csse_covid_19_data/csse_covid_19_daily_reports/03-26-2020.csv
M	csse_covid_19_data/csse_covid_19_daily_reports/03-27-2020.csv
M	csse_covid_19_data/csse_covid_19_daily_reports/03-28-2020.csv
M	csse_covid_19_data/csse_covid_19_daily_reports/03-29-2020.csv
M	csse_covid_19_data/csse_covid_19_daily_reports/03-30-2020.csv
M	csse_covid_19_data/csse_covid_19_daily_reports/03-31-2020.csv
Your branch is up to date with 'origin/master'.
From https://github.com/CSSEGISandData/COVID-19
   42ded9fd..33640a58  master     -> origin/master
   e1ce553f..46fb4f1b  web-data   -> origin/web-data
Updating 42ded9fd..33640a58
Fast-forward
 README.md                                          |    1 -
 .../csse_covid_19_daily_reports/04-01-2020.csv     | 2486 ++++++++
 .../time_series_covid19_confirmed_US.csv           | 6508 ++++++++++----------
 .../time_series_covid19_confirmed_global.csv       |  514 +-
 .../time_series_covid19_deaths_US.csv              | 6508 ++++++++++----------
 .../time_series_covid19_deaths_global.csv          |  514 +-
 .../time_series_covid19_recovered_global.csv       |  486 +-
 7 files changed, 9751 insertions(+), 7266 deletions(-)
 create mode 100644 csse_covid_19_data/csse_covid_19_daily_reports/04-01-2020.csv
